Data adult Modelseed  N  M 10 completed in 110 seconds.
Data adult Modelseed  N  M 30 completed in 108 seconds.
Data adult Modelseed  N  M 50 completed in 110 seconds.
Data adult Modelseed  N  M 100 completed in 107 seconds.
Data adult Modelseed  N  M 300 completed in 109 seconds.
Data adult Modelseed  N  M 500 completed in 109 seconds.
Data adult Modelseed  N  M 1000 completed in 113 seconds.
Data adult Modelseed  N  M 3000 completed in 116 seconds.
Data adult Modelseed  N  M 5000 completed in 134 seconds.
Data adult ridge Modelseed  N  M 5000 completed in 1373 seconds.
Data cifar10 Modelseed  N  M 10 completed in 392 seconds.
Data cifar10 Modelseed  N  M 30 completed in 397 seconds.
Data cifar10 Modelseed  N  M 50 completed in 398 seconds.
Data cifar10 Modelseed  N  M 100 completed in 402 seconds.
Data cifar10 Modelseed  N  M 300 completed in 396 seconds.
Data cifar10 Modelseed  N  M 500 completed in 403 seconds.
Data cifar10 Modelseed  N  M 1000 completed in 400 seconds.
Data cifar10 Modelseed  N  M 3000 completed in 427 seconds.
Data cifar10 Modelseed  N  M 5000 completed in 461 seconds.
Data cifar10 ridge Modelseed  N  M 5000 completed in 3607 seconds.


Data protein Modelseed  N  M 10 completed in 284 seconds.
Data protein Modelseed  N  M 30 completed in 278 seconds.
Data protein Modelseed  N  M 50 completed in 281 seconds.
Data protein Modelseed  N  M 100 completed in 279 seconds.
Data protein Modelseed  N  M 300 completed in 281 seconds.
Data protein Modelseed  N  M 500 completed in 282 seconds.
Data protein Modelseed  N  M 1000 completed in 280 seconds.
Data protein Modelseed  N  M 3000 completed in 294 seconds.
Data protein Modelseed  N  M 5000 completed in 341 seconds.
Data protein ridge Modelseed  N  M 5000 completed in 3092 seconds.
Data workloads Modelseed  N  M 10 completed in 1142 seconds.
Data workloads Modelseed  N  M 30 completed in 1136 seconds.
Data workloads Modelseed  N  M 50 completed in 1138 seconds.
Data workloads Modelseed  N  M 100 completed in 1128 seconds.
Data workloads Modelseed  N  M 300 completed in 1134 seconds.
Data workloads Modelseed  N  M 500 completed in 1123 seconds.
Data workloads Modelseed  N  M 1000 completed in 1137 seconds.
Data workloads Modelseed  N  M 3000 completed in 1211 seconds.
Data workloads Modelseed  N  M 5000 completed in 1417 seconds.
Data workloads ridge Modelseed  N  M 5000 completed in 8187 seconds.
